C:\Users\nrathnakara\source\repos\Asp.Net Core\LoginLogout Idntity Core JWT Tokens\WEBAPI\WEBAPI\ClientApp\dist\out-tsc\e2e\app.po.js
C:\Users\nrathnakara\source\repos\Asp.Net Core\LoginLogout Idntity Core JWT Tokens\WEBAPI\WEBAPI\ClientApp\dist\out-tsc\e2e\app.po.js.map
C:\Users\nrathnakara\source\repos\Asp.Net Core\LoginLogout Idntity Core JWT Tokens\WEBAPI\WEBAPI\ClientApp\dist\out-tsc\e2e\app.e2e-spec.js
C:\Users\nrathnakara\source\repos\Asp.Net Core\LoginLogout Idntity Core JWT Tokens\WEBAPI\WEBAPI\ClientApp\dist\out-tsc\e2e\app.e2e-spec.js.map
C:\Users\nrathnakara\source\repos\Asp.Net Core\LoginLogout Idntity Core JWT Tokens\WEBAPI\WEBAPI\ClientApp\dist\out-tsc\src\app\app.component.js
C:\Users\nrathnakara\source\repos\Asp.Net Core\LoginLogout Idntity Core JWT Tokens\WEBAPI\WEBAPI\ClientApp\dist\out-tsc\src\app\app.component.js.map
C:\Users\nrathnakara\source\repos\Asp.Net Core\LoginLogout Idntity Core JWT Tokens\WEBAPI\WEBAPI\ClientApp\dist\out-tsc\src\app\user\user.component.js
C:\Users\nrathnakara\source\repos\Asp.Net Core\LoginLogout Idntity Core JWT Tokens\WEBAPI\WEBAPI\ClientApp\dist\out-tsc\src\app\user\user.component.js.map
C:\Users\nrathnakara\source\repos\Asp.Net Core\LoginLogout Idntity Core JWT Tokens\WEBAPI\WEBAPI\ClientApp\dist\out-tsc\src\app\shared\user.service.js
C:\Users\nrathnakara\source\repos\Asp.Net Core\LoginLogout Idntity Core JWT Tokens\WEBAPI\WEBAPI\ClientApp\dist\out-tsc\src\app\shared\user.service.js.map
C:\Users\nrathnakara\source\repos\Asp.Net Core\LoginLogout Idntity Core JWT Tokens\WEBAPI\WEBAPI\ClientApp\dist\out-tsc\src\app\user\registration\registration.component.js
C:\Users\nrathnakara\source\repos\Asp.Net Core\LoginLogout Idntity Core JWT Tokens\WEBAPI\WEBAPI\ClientApp\dist\out-tsc\src\app\user\registration\registration.component.js.map
C:\Users\nrathnakara\source\repos\Asp.Net Core\LoginLogout Idntity Core JWT Tokens\WEBAPI\WEBAPI\ClientApp\dist\out-tsc\src\app\user\login\login.component.js
C:\Users\nrathnakara\source\repos\Asp.Net Core\LoginLogout Idntity Core JWT Tokens\WEBAPI\WEBAPI\ClientApp\dist\out-tsc\src\app\user\login\login.component.js.map
C:\Users\nrathnakara\source\repos\Asp.Net Core\LoginLogout Idntity Core JWT Tokens\WEBAPI\WEBAPI\ClientApp\dist\out-tsc\src\app\shared\popup.service.js
C:\Users\nrathnakara\source\repos\Asp.Net Core\LoginLogout Idntity Core JWT Tokens\WEBAPI\WEBAPI\ClientApp\dist\out-tsc\src\app\shared\popup.service.js.map
C:\Users\nrathnakara\source\repos\Asp.Net Core\LoginLogout Idntity Core JWT Tokens\WEBAPI\WEBAPI\ClientApp\dist\out-tsc\src\app\models\character.js
C:\Users\nrathnakara\source\repos\Asp.Net Core\LoginLogout Idntity Core JWT Tokens\WEBAPI\WEBAPI\ClientApp\dist\out-tsc\src\app\models\character.js.map
C:\Users\nrathnakara\source\repos\Asp.Net Core\LoginLogout Idntity Core JWT Tokens\WEBAPI\WEBAPI\ClientApp\dist\out-tsc\src\app\shared\character.service.js
C:\Users\nrathnakara\source\repos\Asp.Net Core\LoginLogout Idntity Core JWT Tokens\WEBAPI\WEBAPI\ClientApp\dist\out-tsc\src\app\shared\character.service.js.map
C:\Users\nrathnakara\source\repos\Asp.Net Core\LoginLogout Idntity Core JWT Tokens\WEBAPI\WEBAPI\ClientApp\dist\out-tsc\src\app\home\home.component.js
C:\Users\nrathnakara\source\repos\Asp.Net Core\LoginLogout Idntity Core JWT Tokens\WEBAPI\WEBAPI\ClientApp\dist\out-tsc\src\app\home\home.component.js.map
C:\Users\nrathnakara\source\repos\Asp.Net Core\LoginLogout Idntity Core JWT Tokens\WEBAPI\WEBAPI\ClientApp\dist\out-tsc\src\app\auth\auth.guard.js
C:\Users\nrathnakara\source\repos\Asp.Net Core\LoginLogout Idntity Core JWT Tokens\WEBAPI\WEBAPI\ClientApp\dist\out-tsc\src\app\auth\auth.guard.js.map
C:\Users\nrathnakara\source\repos\Asp.Net Core\LoginLogout Idntity Core JWT Tokens\WEBAPI\WEBAPI\ClientApp\dist\out-tsc\src\app\foridden\foridden.component.js
C:\Users\nrathnakara\source\repos\Asp.Net Core\LoginLogout Idntity Core JWT Tokens\WEBAPI\WEBAPI\ClientApp\dist\out-tsc\src\app\foridden\foridden.component.js.map
C:\Users\nrathnakara\source\repos\Asp.Net Core\LoginLogout Idntity Core JWT Tokens\WEBAPI\WEBAPI\ClientApp\dist\out-tsc\src\app\admin-panel\admin-panel.component.js
C:\Users\nrathnakara\source\repos\Asp.Net Core\LoginLogout Idntity Core JWT Tokens\WEBAPI\WEBAPI\ClientApp\dist\out-tsc\src\app\admin-panel\admin-panel.component.js.map
C:\Users\nrathnakara\source\repos\Asp.Net Core\LoginLogout Idntity Core JWT Tokens\WEBAPI\WEBAPI\ClientApp\dist\out-tsc\src\app\admin-panel\manageusers\manageusers.component.js
C:\Users\nrathnakara\source\repos\Asp.Net Core\LoginLogout Idntity Core JWT Tokens\WEBAPI\WEBAPI\ClientApp\dist\out-tsc\src\app\admin-panel\manageusers\manageusers.component.js.map
C:\Users\nrathnakara\source\repos\Asp.Net Core\LoginLogout Idntity Core JWT Tokens\WEBAPI\WEBAPI\ClientApp\dist\out-tsc\src\app\admin-panel\createcharacter\createcharacter.component.js
C:\Users\nrathnakara\source\repos\Asp.Net Core\LoginLogout Idntity Core JWT Tokens\WEBAPI\WEBAPI\ClientApp\dist\out-tsc\src\app\admin-panel\createcharacter\createcharacter.component.js.map
C:\Users\nrathnakara\source\repos\Asp.Net Core\LoginLogout Idntity Core JWT Tokens\WEBAPI\WEBAPI\ClientApp\dist\out-tsc\src\app\app-routing.module.js
C:\Users\nrathnakara\source\repos\Asp.Net Core\LoginLogout Idntity Core JWT Tokens\WEBAPI\WEBAPI\ClientApp\dist\out-tsc\src\app\app-routing.module.js.map
C:\Users\nrathnakara\source\repos\Asp.Net Core\LoginLogout Idntity Core JWT Tokens\WEBAPI\WEBAPI\ClientApp\dist\out-tsc\src\app\auth\auth.interceptor.js
C:\Users\nrathnakara\source\repos\Asp.Net Core\LoginLogout Idntity Core JWT Tokens\WEBAPI\WEBAPI\ClientApp\dist\out-tsc\src\app\auth\auth.interceptor.js.map
C:\Users\nrathnakara\source\repos\Asp.Net Core\LoginLogout Idntity Core JWT Tokens\WEBAPI\WEBAPI\ClientApp\dist\out-tsc\src\app\user\resetpassword\resetpassword.component.js
C:\Users\nrathnakara\source\repos\Asp.Net Core\LoginLogout Idntity Core JWT Tokens\WEBAPI\WEBAPI\ClientApp\dist\out-tsc\src\app\user\resetpassword\resetpassword.component.js.map
C:\Users\nrathnakara\source\repos\Asp.Net Core\LoginLogout Idntity Core JWT Tokens\WEBAPI\WEBAPI\ClientApp\dist\out-tsc\src\app\home\designcharacter\designcharacter.component.js
C:\Users\nrathnakara\source\repos\Asp.Net Core\LoginLogout Idntity Core JWT Tokens\WEBAPI\WEBAPI\ClientApp\dist\out-tsc\src\app\home\designcharacter\designcharacter.component.js.map
C:\Users\nrathnakara\source\repos\Asp.Net Core\LoginLogout Idntity Core JWT Tokens\WEBAPI\WEBAPI\ClientApp\dist\out-tsc\src\app\admin-panel\manageusers\show-character\show-character.component.js
C:\Users\nrathnakara\source\repos\Asp.Net Core\LoginLogout Idntity Core JWT Tokens\WEBAPI\WEBAPI\ClientApp\dist\out-tsc\src\app\admin-panel\manageusers\show-character\show-character.component.js.map
C:\Users\nrathnakara\source\repos\Asp.Net Core\LoginLogout Idntity Core JWT Tokens\WEBAPI\WEBAPI\ClientApp\dist\out-tsc\src\app\app.module.js
C:\Users\nrathnakara\source\repos\Asp.Net Core\LoginLogout Idntity Core JWT Tokens\WEBAPI\WEBAPI\ClientApp\dist\out-tsc\src\app\app.module.js.map
C:\Users\nrathnakara\source\repos\Asp.Net Core\LoginLogout Idntity Core JWT Tokens\WEBAPI\WEBAPI\ClientApp\dist\out-tsc\src\environments\environment.js
C:\Users\nrathnakara\source\repos\Asp.Net Core\LoginLogout Idntity Core JWT Tokens\WEBAPI\WEBAPI\ClientApp\dist\out-tsc\src\environments\environment.js.map
C:\Users\nrathnakara\source\repos\Asp.Net Core\LoginLogout Idntity Core JWT Tokens\WEBAPI\WEBAPI\ClientApp\dist\out-tsc\src\main.js
C:\Users\nrathnakara\source\repos\Asp.Net Core\LoginLogout Idntity Core JWT Tokens\WEBAPI\WEBAPI\ClientApp\dist\out-tsc\src\main.js.map
C:\Users\nrathnakara\source\repos\Asp.Net Core\LoginLogout Idntity Core JWT Tokens\WEBAPI\WEBAPI\ClientApp\dist\out-tsc\src\polyfills.js
C:\Users\nrathnakara\source\repos\Asp.Net Core\LoginLogout Idntity Core JWT Tokens\WEBAPI\WEBAPI\ClientApp\dist\out-tsc\src\polyfills.js.map
C:\Users\nrathnakara\source\repos\Asp.Net Core\LoginLogout Idntity Core JWT Tokens\WEBAPI\WEBAPI\ClientApp\dist\out-tsc\src\test.js
C:\Users\nrathnakara\source\repos\Asp.Net Core\LoginLogout Idntity Core JWT Tokens\WEBAPI\WEBAPI\ClientApp\dist\out-tsc\src\test.js.map
C:\Users\nrathnakara\source\repos\Asp.Net Core\LoginLogout Idntity Core JWT Tokens\WEBAPI\WEBAPI\ClientApp\dist\out-tsc\src\app\app.component.spec.js
C:\Users\nrathnakara\source\repos\Asp.Net Core\LoginLogout Idntity Core JWT Tokens\WEBAPI\WEBAPI\ClientApp\dist\out-tsc\src\app\app.component.spec.js.map
C:\Users\nrathnakara\source\repos\Asp.Net Core\LoginLogout Idntity Core JWT Tokens\WEBAPI\WEBAPI\ClientApp\dist\out-tsc\src\environments\environment.prod.js
C:\Users\nrathnakara\source\repos\Asp.Net Core\LoginLogout Idntity Core JWT Tokens\WEBAPI\WEBAPI\ClientApp\dist\out-tsc\src\environments\environment.prod.js.map
C:\Users\nrathnakara\source\repos\Asp.Net Core\LoginLogout Idntity Core JWT Tokens\WEBAPI\WEBAPI\ClientApp\dist\out-tsc\src\app\user\resetpassword\resetpassword.component.spec.js
C:\Users\nrathnakara\source\repos\Asp.Net Core\LoginLogout Idntity Core JWT Tokens\WEBAPI\WEBAPI\ClientApp\dist\out-tsc\src\app\user\resetpassword\resetpassword.component.spec.js.map
